"1215"	["/developer", "12577"]
"1279"	["/msgolf", "31062"]
"1239"	["/msconsult", "15361"]
"1282"	["/home", "39877"]
"1251"	["/referencesupport", "18941"]
"1121"	["/magazine", "10241"]
"1083"	["/msaccesssupport", "10127"]
"1145"	["/vfoxprosupport", "10418"]
"1276"	["/vtestsupport", "29654"]
"1200"	["/benelux", "11674"]
"1259"	["/controls", "21424"]
"1155"	["/sidewalk", "10606"]
"1092"	["/vfoxpro", "10150"]
"1004"	["/search", "10003"]
"1057"	["/powerpoint", "10038"]
"1140"	["/netherlands", "10363"]
"1198"	["/pictureit", "11482"]
"1147"	["/msft", "10438"]
"1005"	["/norge", "10004"]
"1026"	["/sitebuilder", "10016"]
"1119"	["/corpinfo", "10240"]
"1216"	["/vrml", "12666"]
"1218"	["/publishersupport", "12714"]
"1205"	["/hardwaresupport", "11917"]
"1269"	["/business", "28044"]
"1031"	["/msoffice", "10019"]
"1003"	["/kb", "10002"]
"1238"	["/exceldev", "15247"]
"1118"	["/sql", "10235"]
"1242"	["/msgarden", "16289"]
"1171"	["/merchant", "10828"]
"1175"	["/msprojectsupport", "10888"]
"1021"	["/visualc", "10012"]
"1222"	["/msofc", "12819"]
"1284"	["/partner", "41108"]
"1053"	["/visualj", "10035"]
"1167"	["/hwtest", "10791"]
"1202"	["/advtech", "11802"]
"1234"	["/off97cat", "14418"]
"1054"	["/exchange", "10036"]
"1262"	["/chile", "24951"]
"1074"	["/ntworkstation", "10085"]
"1027"	["/intdev", "10017"]
"1061"	["/promo", "10058"]
"1236"	["/globaldev", "14738"]
"1212"	["/worldwide", "12421"]
"1204"	["/msscheduleplus", "11904"]
"1196"	["/ie40", "11431"]
"1188"	["/korea", "11190"]
"1228"	["/vtest", "13266"]
"1078"	["/ntserversupport", "10122"]
"1008"	["/msdownload", "10009"]
"1052"	["/word", "10035"]
"1091"	["/hwdev", "10142"]
"1280"	["/music", "33424"]
"1247"	["/wineguide", "18240"]
"1064"	["/activeplatform", "10068"]
"1065"	["/java", "10068"]
"1133"	["/frontpagesupport", "10319"]
"1102"	["/homeessentials", "10168"]
"1132"	["/msmoneysupport", "10316"]
"1240"	["/thailand", "15461"]
"1225"	["/piracy", "13061"]
"1130"	["/syspro", "10306"]
"1157"	["/win32dev", "10627"]
"1058"	["/referral", "10039"]
"1076"	["/ntwkssupport", "10107"]
"1163"	["/opentype", "10744"]
"1187"	["/odbc", "11173"]
"1152"	["/rus", "10486"]
"1139"	["/k-12", "10362"]
"1223"	["/finland", "12828"]
"1001"	["/support", "10001"]
"1043"	["/smallbiz", "10021"]
"1165"	["/poland", "10784"]
"1194"	["/china", "11372"]
"1138"	["/mind", "10351"]
"1158"	["/imedia", "10632"]
"1094"	["/mshome", "10156"]
"1055"	["/kids", "10037"]
"1277"	["/stream", "30111"]
"1143"	["/workshoop", "10381"]
"1068"	["/vbscript", "10068"]
"1229"	["/uruguay", "13510"]
"1177"	["/events", "10951"]
"1014"	["/officefreestuff", "10010"]
"1019"	["/mspowerpoint", "10011"]
"1122"	["/mindshare", "10243"]
"1041"	["/workshop", "10021"]
"1033"	["/logostore", "10019"]
"1233"	["/vbscripts", "14363"]
"1211"	["/smsmgmtsupport", "12395"]
"1199"	["/feedback", "11644"]
"1024"	["/iis", "10015"]
"1179"	["/colombia", "11027"]
"1067"	["/frontpage", "10068"]
"1181"	["/kidssupport", "11044"]
"1174"	["/nz", "10866"]
"1162"	["/infoservsupport", "10699"]
"1046"	["/iesupport", "10027"]
"1197"	["/sqlsupport", "11444"]
"1231"	["/win32devsupport", "13918"]
"1141"	["/europe", "10372"]
"1120"	["/switch", "10241"]
"1112"	["/canada", "10208"]
"1142"	["/southafrica", "10372"]
"1250"	["/middleeast", "18534"]
"1214"	["/finserv", "12515"]
"1190"	["/repository", "11287"]
"1098"	["/devonly", "10157"]
"1263"	["/services", "26122"]
"1049"	["/supportnet", "10031"]
"1073"	["/taiwan", "10078"]
"1166"	["/mexico", "10788"]
"1226"	["/msschedplussupport", "13179"]
"1184"	["/msexcelsupport", "11134"]
"1025"	["/gallery", "10016"]
"1160"	["/visualcsupport", "10669"]
"1156"	["/powered", "10624"]
"1268"	["/javascript", "27503"]
"1220"	["/macofficesupport", "12795"]
"1060"	["/msword", "10053"]
"1203"	["/danmark", "11806"]
"1176"	["/jscript", "10932"]
"1168"	["/salesinfo", "10797"]
"1066"	["/musicproducer", "10068"]
"1128"	["/msf", "10286"]
"1275"	["/security.", "28903"]
"1136"	["/usa", "10348"]
"1146"	["/msp", "10429"]
"1237"	["/devdays", "14764"]
"1081"	["/accessdev", "10127"]
"1016"	["/excel", "10011"]
"1069"	["/windowsce", "10068"]
"1148"	["/channel_resources", "10468"]
"1161"	["/workssupport", "10677"]
"1013"	["/vbasicsupport", "10010"]
"1116"	["/switzerland", "10225"]
"1093"	["/vba", "10156"]
"1249"	["/fortransupport", "18384"]
"1095"	["/catalog", "10156"]
"1023"	["/spain", "10014"]
"1192"	["/visualjsupport", "11359"]
"1080"	["/brasil", "10126"]
"1050"	["/macoffice", "10032"]
"1255"	["/msmq", "20277"]
"1273"	["/mdn", "28493"]
"1206"	["/select", "12011"]
"1230"	["/mailsupport", "13541"]
"1172"	["/belgium", "10834"]
"1011"	["/officedev", "10010"]
"1009"	["/windows", "10009"]
"1096"	["/mspress", "10156"]
"1235"	["/onlineeval", "14522"]
"1070"	["/activex", "10068"]
"1154"	["/project", "10564"]
"1099"	["/cio", "10159"]
"1186"	["/college", "11150"]
"1256"	["/sia", "20832"]
"1270"	["/developr", "28493"]
"1232"	["/standards", "13926"]
"1159"	["/transaction", "10661"]
"1035"	["/windowssupport", "10021"]
"1164"	["/smsmgmt", "10752"]
"1077"	["/msofficesupport", "10109"]
"1295"	["/train_cert", "10028"]
"1056"	["/sports", "10037"]
"1006"	["/misc", "10005"]
"1272"	["/softlib", "28493"]
"1123"	["/germany", "10254"]
"1151"	["/mspowerpointsupport", "10482"]
"1103"	["/works", "10168"]
"1243"	["/usability", "16904"]
"1244"	["/devwire", "16967"]
"1260"	["/trial", "21894"]
"1258"	["/peru", "21399"]
"1208"	["/israel", "12177"]
"1106"	["/cze", "10198"]
"1124"	["/industry", "10263"]
"1114"	["/servad", "10216"]
"1012"	["/outlookdev", "10010"]
"1045"	["/netmeeting", "10025"]
"1082"	["/access", "10127"]
"1261"	["/diyguide", "22485"]
"1137"	["/mscorp", "10348"]
"1059"	["/sverige", "10047"]
"1037"	["/windows95", "10021"]
"1227"	["/argentina", "13235"]
"1281"	["/intellimouse", "37099"]
"1134"	["/backoffice", "10335"]
"1044"	["/mediadev", "10024"]
"1028"	["/oledev", "10017"]
"1248"	["/softimage", "18347"]
"1085"	["/exchangesupport", "10132"]
"1131"	["/moneyzone", "10316"]
"1079"	["/australia", "10122"]
"1048"	["/publisher", "10030"]
"1042"	["/vstudio", "10021"]
"1075"	["/jobs", "10104"]
"1201"	["/hardware", "11800"]
"1105"	["/france", "10197"]
"1153"	["/venezuela", "10500"]
"1015"	["/msexcel", "10011"]
"1017"	["/products", "10011"]
"1010"	["/vbasic", "10010"]
"1126"	["/mediamanager", "10272"]
"1144"	["/devnews", "10406"]
"1191"	["/management", "11331"]
"1002"	["/athome", "10001"]
"1213"	["/corporate_solutions", "12472"]
"1084"	["/uk", "10132"]
"1178"	["/msdownload.", "11008"]
"1036"	["/organizations", "10021"]
"1257"	["/devvideos", "21184"]
"1180"	["/slovenija", "11035"]
"1246"	["/gamesdev", "17120"]
"1088"	["/outlook", "10132"]
"1117"	["/sidewinder", "10228"]
"1097"	["/latam", "10156"]
"1266"	["/licenses", "26815"]
"1072"	["/vinterdev", "10068"]
"1169"	["/msproject", "10797"]
"1107"	["/slovakia", "10198"]
"1089"	["/officereference", "10132"]
"1038"	["/sbnmember", "10021"]
"1224"	["/atec", "13041"]
"1086"	["/oem", "10132"]
"1108"	["/teammanager", "10205"]
"1007"	["/ie_intl", "10007"]
"1252"	["/giving", "19483"]
"1283"	["/cinemania", "41033"]
"1127"	["/netshow", "10286"]
"1189"	["/internet", "11243"]
"1110"	["/mastering", "10208"]
"1090"	["/gamessupport", "10133"]
"1109"	["/technet", "10205"]
"1040"	["/office", "10021"]
"1150"	["/infoserv", "10473"]
"1195"	["/portugal", "11429"]
"1111"	["/ssafe", "10208"]
"1274"	["/pdc", "28493"]
"1267"	["/caribbean", "27482"]
"1113"	["/security", "10215"]
"1245"	["/ofc", "16999"]
"1253"	["/worddev", "19746"]
"1087"	["/proxy", "10132"]
"1185"	["/sna", "11142"]
"1209"	["/turkey", "12239"]
"1063"	["/intranet", "10067"]
"1101"	["/oledb", "10166"]
"1264"	["/se_partners", "26801"]
"1032"	["/games", "10019"]
"1173"	["/moli", "10842"]
"1051"	["/scheduleplus", "10035"]
"1278"	["/hed", "30460"]
"1062"	["/msaccess", "10065"]
"1020"	["/msdn", "10012"]
"1104"	["/hk", "10191"]
"1071"	["/automap", "10068"]
"1000"	["/regwiz", "10001"]
"1135"	["/mswordsupport", "10339"]
"1207"	["/icp", "12135"]
"1217"	["/ireland", "12675"]
"1254"	["/ie3", "20190"]
"1022"	["/truetype", "10013"]
"1183"	["/italy", "11111"]
"1170"	["/mail", "10821"]
"1241"	["/india", "15820"]
"1149"	["/adc", "10471"]
"1029"	["/clipgallerylive", "10019"]
"1221"	["/mstv", "12815"]
"1115"	["/hun", "10216"]
"1125"	["/imagecomposer", "10269"]
"1039"	["/isp", "10021"]
"1034"	["/ie", "10020"]
"1265"	["/ssafesupport", "26811"]
"1271"	["/mdsn", "28493"]
"1129"	["/ado", "10290"]
"1018"	["/isapi", "10011"]
"1193"	["/offdevsupport", "11367"]
"1219"	["/ads", "12746"]
"1030"	["/ntserver", "10019"]
"1182"	["/fortran", "11090"]
"1100"	["/education", "10165"]
"1210"	["/snasupport", "12359"]
